[api.xyroinee.xyz/index.html]
[backblue.gif]
[fade.gif]
[index.html]
[cdnjs.cloudflare.com/ajax/libs/font-awesome/5.15.3/css/all.min.css]
[code.jquery.com/jquery-3.5.1.min.js]
[cdnjs.cloudflare.com/ajax/libs/typed.js/2.0.11/typed.min.js]
[cdnjs.cloudflare.com/ajax/libs/waypoints/4.0.1/jquery.waypoints.min.js]
[cdnjs.cloudflare.com/ajax/libs/OwlCarousel2/2.3.4/owl.carousel.min.js]
[cdnjs.cloudflare.com/ajax/libs/OwlCarousel2/2.3.4/assets/owl.carousel.min.css]
[external.html]
[api.xyroinee.xyz/login.html]
[api.xyroinee.xyz/index.html]
[cdnjs.cloudflare.com/ajax/libs/font-awesome/5.15.3/css/all.min.css]
[media.tenor.com/MkI8xJLf6iwAAAAC/background-aesthetic.gif]
[cdnjs.cloudflare.com/ajax/libs/OwlCarousel2/2.3.4/assets/owl.video.play.png]
[cdnjs.cloudflare.com/ajax/libs/OwlCarousel2/2.3.4/assets/owl.carousel.min.css]
[i.pinimg.com/originals/5b/de/51/5bde5150fb2b1478fef0d40d9b4b47a0.jpg]
[cdnjs.cloudflare.com/ajax/libs/font-awesome/5.14.0/css/all.css]
[i.pinimg.com/originals/bc/f5/97/bcf5977efdb95a66ea0efaf8d6a0355f.png]
[cdn.jsdelivr.net/npm/boxicons@latest/css/boxicons.min.css]
[cdnjs.cloudflare.com/ajax/libs/font-awesome/4.7.0/css/font-awesome.min.css]
[api.xyroinee.xyz/css/style.css]
[api.xyroinee.xyz/signup.html]
[api.xyroinee.xyz/login.html]
[cdnjs.cloudflare.com/ajax/libs/font-awesome/5.14.0/css/all.css]
[cdn.jsdelivr.net/npm/boxicons@latest/css/boxicons.min.css]
[cdnjs.cloudflare.com/ajax/libs/font-awesome/4.7.0/css/font-awesome.min.css]
[api.xyroinee.xyz/css/font74d5.css]
[api.xyroinee.xyz/js/main.js]
[api.xyroinee.xyz/fonts/fa-brands-400.eot]
[api.xyroinee.xyz/fonts/fa-brands-400-1.eot]
[api.xyroinee.xyz/fonts/fa-brands-400.woff2]
[api.xyroinee.xyz/fonts/fa-brands-400.woff]
[api.xyroinee.xyz/fonts/fa-brands-400.ttf]
[api.xyroinee.xyz/fonts/fa-brands-400.svg]
[api.xyroinee.xyz/fonts/fa-regular-400.eot]
[api.xyroinee.xyz/fonts/fa-regular-400-1.eot]
[api.xyroinee.xyz/fonts/fa-regular-400.woff2]
[api.xyroinee.xyz/fonts/fa-regular-400.woff]
[api.xyroinee.xyz/fonts/fa-regular-400.ttf]
[api.xyroinee.xyz/fonts/fa-regular-400.svg]
[api.xyroinee.xyz/fonts/fa-solid-900.eot]
[api.xyroinee.xyz/fonts/fa-solid-900-1.eot]
[api.xyroinee.xyz/fonts/fa-solid-900.woff2]
[api.xyroinee.xyz/fonts/fa-solid-900.woff]
[api.xyroinee.xyz/fonts/fa-solid-900.ttf]
[api.xyroinee.xyz/css/style.css]
[api.xyroinee.xyz/signup.html]
[api.xyroinee.xyz/fonts/fa-brands-400.svg]
[api.xyroinee.xyz/fonts/fa-regular-400.svg]
[api.xyroinee.xyz/fonts/fa-solid-900.svg]
[api.xyroinee.xyz/fonts/fa-solid-900.svg]
